{"/Users/junjiexu/Qsync/hack-reactor/products-api/server/app.js": {"path":"/Users/junjiexu/Qsync/hack-reactor/products-api/server/app.js","statementMap":{"0":{"start":{"line":1,"column":16},"end":{"line":1,"column":34}},"1":{"start":{"line":2,"column":13},"end":{"line":2,"column":28}},"2":{"start":{"line":23,"column":12},"end":{"line":23,"column":21}},"3":{"start":{"line":25,"column":13},"end":{"line":25,"column":28}},"4":{"start":{"line":27,"column":13},"end":{"line":27,"column":37}},"5":{"start":{"line":29,"column":0},"end":{"line":31,"column":3}},"6":{"start":{"line":30,"column":2},"end":{"line":30,"column":35}},"7":{"start":{"line":33,"column":0},"end":{"line":52,"column":3}},"8":{"start":{"line":34,"column":15},"end":{"line":34,"column":34}},"9":{"start":{"line":35,"column":16},"end":{"line":35,"column":36}},"10":{"start":{"line":36,"column":2},"end":{"line":51,"column":5}},"11":{"start":{"line":37,"column":4},"end":{"line":50,"column":9}},"12":{"start":{"line":43,"column":8},"end":{"line":43,"column":62}},"13":{"start":{"line":44,"column":8},"end":{"line":44,"column":25}},"14":{"start":{"line":45,"column":8},"end":{"line":45,"column":39}},"15":{"start":{"line":46,"column":8},"end":{"line":46,"column":23}},"16":{"start":{"line":49,"column":8},"end":{"line":49,"column":28}},"17":{"start":{"line":54,"column":0},"end":{"line":78,"column":3}},"18":{"start":{"line":55,"column":2},"end":{"line":77,"column":5}},"19":{"start":{"line":56,"column":4},"end":{"line":76,"column":9}},"20":{"start":{"line":59,"column":8},"end":{"line":75,"column":11}},"21":{"start":{"line":60,"column":10},"end":{"line":74,"column":15}},"22":{"start":{"line":66,"column":14},"end":{"line":66,"column":32}},"23":{"start":{"line":67,"column":32},"end":{"line":67,"column":39}},"24":{"start":{"line":68,"column":14},"end":{"line":68,"column":49}},"25":{"start":{"line":69,"column":14},"end":{"line":69,"column":52}},"26":{"start":{"line":70,"column":14},"end":{"line":70,"column":36}},"27":{"start":{"line":73,"column":14},"end":{"line":73,"column":34}},"28":{"start":{"line":80,"column":0},"end":{"line":169,"column":3}},"29":{"start":{"line":81,"column":19},"end":{"line":81,"column":21}},"30":{"start":{"line":82,"column":2},"end":{"line":82,"column":48}},"31":{"start":{"line":83,"column":2},"end":{"line":168,"column":5}},"32":{"start":{"line":84,"column":4},"end":{"line":167,"column":9}},"33":{"start":{"line":89,"column":8},"end":{"line":89,"column":25}},"34":{"start":{"line":90,"column":8},"end":{"line":90,"column":43}},"35":{"start":{"line":91,"column":26},"end":{"line":91,"column":28}},"36":{"start":{"line":92,"column":28},"end":{"line":92,"column":30}},"37":{"start":{"line":93,"column":21},"end":{"line":93,"column":23}},"38":{"start":{"line":94,"column":8},"end":{"line":141,"column":9}},"39":{"start":{"line":95,"column":10},"end":{"line":103,"column":13}},"40":{"start":{"line":104,"column":24},"end":{"line":104,"column":36}},"41":{"start":{"line":105,"column":10},"end":{"line":122,"column":12}},"42":{"start":{"line":107,"column":14},"end":{"line":120,"column":19}},"43":{"start":{"line":112,"column":18},"end":{"line":112,"column":60}},"44":{"start":{"line":113,"column":18},"end":{"line":113,"column":35}},"45":{"start":{"line":114,"column":18},"end":{"line":114,"column":38}},"46":{"start":{"line":117,"column":18},"end":{"line":117,"column":35}},"47":{"start":{"line":118,"column":18},"end":{"line":118,"column":35}},"48":{"start":{"line":119,"column":18},"end":{"line":119,"column":38}},"49":{"start":{"line":123,"column":10},"end":{"line":140,"column":12}},"50":{"start":{"line":125,"column":14},"end":{"line":138,"column":19}},"51":{"start":{"line":131,"column":18},"end":{"line":131,"column":35}},"52":{"start":{"line":132,"column":18},"end":{"line":132,"column":38}},"53":{"start":{"line":135,"column":18},"end":{"line":135,"column":35}},"54":{"start":{"line":136,"column":18},"end":{"line":136,"column":35}},"55":{"start":{"line":137,"column":18},"end":{"line":137,"column":38}},"56":{"start":{"line":142,"column":8},"end":{"line":166,"column":13}},"57":{"start":{"line":144,"column":12},"end":{"line":149,"column":13}},"58":{"start":{"line":144,"column":25},"end":{"line":144,"column":26}},"59":{"start":{"line":145,"column":14},"end":{"line":148,"column":15}},"60":{"start":{"line":145,"column":27},"end":{"line":145,"column":28}},"61":{"start":{"line":146,"column":29},"end":{"line":146,"column":44}},"62":{"start":{"line":147,"column":16},"end":{"line":147,"column":73}},"63":{"start":{"line":152,"column":12},"end":{"line":165,"column":15}},"64":{"start":{"line":153,"column":14},"end":{"line":161,"column":15}},"65":{"start":{"line":153,"column":27},"end":{"line":153,"column":28}},"66":{"start":{"line":154,"column":16},"end":{"line":160,"column":17}},"67":{"start":{"line":154,"column":29},"end":{"line":154,"column":30}},"68":{"start":{"line":155,"column":33},"end":{"line":155,"column":50}},"69":{"start":{"line":156,"column":18},"end":{"line":159,"column":21}},"70":{"start":{"line":162,"column":14},"end":{"line":162,"column":40}},"71":{"start":{"line":163,"column":14},"end":{"line":163,"column":33}},"72":{"start":{"line":164,"column":14},"end":{"line":164,"column":49}},"73":{"start":{"line":171,"column":0},"end":{"line":190,"column":3}},"74":{"start":{"line":172,"column":2},"end":{"line":189,"column":5}},"75":{"start":{"line":173,"column":4},"end":{"line":188,"column":9}},"76":{"start":{"line":178,"column":23},"end":{"line":178,"column":25}},"77":{"start":{"line":179,"column":8},"end":{"line":181,"column":9}},"78":{"start":{"line":180,"column":10},"end":{"line":180,"column":48}},"79":{"start":{"line":182,"column":8},"end":{"line":182,"column":43}},"80":{"start":{"line":183,"column":8},"end":{"line":183,"column":27}},"81":{"start":{"line":186,"column":8},"end":{"line":186,"column":25}},"82":{"start":{"line":187,"column":8},"end":{"line":187,"column":28}},"83":{"start":{"line":196,"column":0},"end":{"line":196,"column":21}}},"fnMap":{"0":{"name":"(anonymous_0)","decl":{"start":{"line":29,"column":13},"end":{"line":29,"column":14}},"loc":{"start":{"line":29,"column":27},"end":{"line":31,"column":1}},"line":29},"1":{"name":"(anonymous_1)","decl":{"start":{"line":33,"column":26},"end":{"line":33,"column":27}},"loc":{"start":{"line":33,"column":40},"end":{"line":52,"column":1}},"line":33},"2":{"name":"(anonymous_2)","decl":{"start":{"line":36,"column":22},"end":{"line":36,"column":23}},"loc":{"start":{"line":36,"column":34},"end":{"line":51,"column":3}},"line":36},"3":{"name":"(anonymous_3)","decl":{"start":{"line":42,"column":12},"end":{"line":42,"column":13}},"loc":{"start":{"line":42,"column":26},"end":{"line":47,"column":7}},"line":42},"4":{"name":"(anonymous_4)","decl":{"start":{"line":48,"column":13},"end":{"line":48,"column":14}},"loc":{"start":{"line":48,"column":22},"end":{"line":50,"column":7}},"line":48},"5":{"name":"(anonymous_5)","decl":{"start":{"line":54,"column":32},"end":{"line":54,"column":33}},"loc":{"start":{"line":54,"column":46},"end":{"line":78,"column":1}},"line":54},"6":{"name":"(anonymous_6)","decl":{"start":{"line":55,"column":22},"end":{"line":55,"column":23}},"loc":{"start":{"line":55,"column":34},"end":{"line":77,"column":3}},"line":55},"7":{"name":"(anonymous_7)","decl":{"start":{"line":58,"column":12},"end":{"line":58,"column":13}},"loc":{"start":{"line":58,"column":26},"end":{"line":76,"column":7}},"line":58},"8":{"name":"(anonymous_8)","decl":{"start":{"line":59,"column":28},"end":{"line":59,"column":29}},"loc":{"start":{"line":59,"column":41},"end":{"line":75,"column":9}},"line":59},"9":{"name":"(anonymous_9)","decl":{"start":{"line":65,"column":18},"end":{"line":65,"column":19}},"loc":{"start":{"line":65,"column":30},"end":{"line":71,"column":13}},"line":65},"10":{"name":"(anonymous_10)","decl":{"start":{"line":72,"column":19},"end":{"line":72,"column":20}},"loc":{"start":{"line":72,"column":28},"end":{"line":74,"column":13}},"line":72},"11":{"name":"(anonymous_11)","decl":{"start":{"line":80,"column":39},"end":{"line":80,"column":40}},"loc":{"start":{"line":80,"column":53},"end":{"line":169,"column":1}},"line":80},"12":{"name":"(anonymous_12)","decl":{"start":{"line":83,"column":22},"end":{"line":83,"column":23}},"loc":{"start":{"line":83,"column":34},"end":{"line":168,"column":3}},"line":83},"13":{"name":"(anonymous_13)","decl":{"start":{"line":88,"column":12},"end":{"line":88,"column":13}},"loc":{"start":{"line":88,"column":26},"end":{"line":167,"column":7}},"line":88},"14":{"name":"(anonymous_14)","decl":{"start":{"line":106,"column":32},"end":{"line":106,"column":33}},"loc":{"start":{"line":106,"column":44},"end":{"line":121,"column":13}},"line":106},"15":{"name":"(anonymous_15)","decl":{"start":{"line":111,"column":22},"end":{"line":111,"column":23}},"loc":{"start":{"line":111,"column":35},"end":{"line":115,"column":17}},"line":111},"16":{"name":"(anonymous_16)","decl":{"start":{"line":116,"column":23},"end":{"line":116,"column":24}},"loc":{"start":{"line":116,"column":32},"end":{"line":120,"column":17}},"line":116},"17":{"name":"(anonymous_17)","decl":{"start":{"line":124,"column":32},"end":{"line":124,"column":33}},"loc":{"start":{"line":124,"column":44},"end":{"line":139,"column":13}},"line":124},"18":{"name":"(anonymous_18)","decl":{"start":{"line":130,"column":22},"end":{"line":130,"column":23}},"loc":{"start":{"line":130,"column":35},"end":{"line":133,"column":17}},"line":130},"19":{"name":"(anonymous_19)","decl":{"start":{"line":134,"column":23},"end":{"line":134,"column":24}},"loc":{"start":{"line":134,"column":32},"end":{"line":138,"column":17}},"line":134},"20":{"name":"(anonymous_20)","decl":{"start":{"line":143,"column":16},"end":{"line":143,"column":17}},"loc":{"start":{"line":143,"column":31},"end":{"line":150,"column":11}},"line":143},"21":{"name":"(anonymous_21)","decl":{"start":{"line":151,"column":16},"end":{"line":151,"column":17}},"loc":{"start":{"line":151,"column":22},"end":{"line":166,"column":11}},"line":151},"22":{"name":"(anonymous_22)","decl":{"start":{"line":152,"column":44},"end":{"line":152,"column":45}},"loc":{"start":{"line":152,"column":61},"end":{"line":165,"column":13}},"line":152},"23":{"name":"(anonymous_23)","decl":{"start":{"line":171,"column":40},"end":{"line":171,"column":41}},"loc":{"start":{"line":171,"column":54},"end":{"line":190,"column":1}},"line":171},"24":{"name":"(anonymous_24)","decl":{"start":{"line":172,"column":22},"end":{"line":172,"column":23}},"loc":{"start":{"line":172,"column":34},"end":{"line":189,"column":3}},"line":172},"25":{"name":"(anonymous_25)","decl":{"start":{"line":177,"column":12},"end":{"line":177,"column":13}},"loc":{"start":{"line":177,"column":26},"end":{"line":184,"column":7}},"line":177},"26":{"name":"(anonymous_26)","decl":{"start":{"line":185,"column":13},"end":{"line":185,"column":14}},"loc":{"start":{"line":185,"column":22},"end":{"line":188,"column":7}},"line":185}},"branchMap":{"0":{"loc":{"start":{"line":27,"column":13},"end":{"line":27,"column":37}},"type":"binary-expr","locations":[{"start":{"line":27,"column":13},"end":{"line":27,"column":29}},{"start":{"line":27,"column":33},"end":{"line":27,"column":37}}],"line":27},"1":{"loc":{"start":{"line":34,"column":15},"end":{"line":34,"column":34}},"type":"binary-expr","locations":[{"start":{"line":34,"column":15},"end":{"line":34,"column":29}},{"start":{"line":34,"column":33},"end":{"line":34,"column":34}}],"line":34},"2":{"loc":{"start":{"line":35,"column":16},"end":{"line":35,"column":36}},"type":"binary-expr","locations":[{"start":{"line":35,"column":16},"end":{"line":35,"column":31}},{"start":{"line":35,"column":35},"end":{"line":35,"column":36}}],"line":35}},"s":{"0":1,"1":1,"2":1,"3":1,"4":1,"5":1,"6":0,"7":1,"8":0,"9":0,"10":0,"11":0,"12":0,"13":0,"14":0,"15":0,"16":0,"17":1,"18":0,"19":0,"20":0,"21":0,"22":0,"23":0,"24":0,"25":0,"26":0,"27":0,"28":1,"29":0,"30":0,"31":0,"32":0,"33":0,"34":0,"35":0,"36":0,"37":0,"38":0,"39":0,"40":0,"41":0,"42":0,"43":0,"44":0,"45":0,"46":0,"47":0,"48":0,"49":0,"50":0,"51":0,"52":0,"53":0,"54":0,"55":0,"56":0,"57":0,"58":0,"59":0,"60":0,"61":0,"62":0,"63":0,"64":0,"65":0,"66":0,"67":0,"68":0,"69":0,"70":0,"71":0,"72":0,"73":1,"74":0,"75":0,"76":0,"77":0,"78":0,"79":0,"80":0,"81":0,"82":0,"83":1},"f":{"0":0,"1":0,"2":0,"3":0,"4":0,"5":0,"6":0,"7":0,"8":0,"9":0,"10":0,"11":0,"12":0,"13":0,"14":0,"15":0,"16":0,"17":0,"18":0,"19":0,"20":0,"21":0,"22":0,"23":0,"24":0,"25":0,"26":0},"b":{"0":[1,1],"1":[0,0],"2":[0,0]},"_coverageSchema":"1a1c01bbd47fc00a2c39e90264f33305004495a9","hash":"c002f732531fdeda6b8dbca94a0a91c6a1578e31"}
,"/Users/junjiexu/Qsync/hack-reactor/products-api/server/db.js": {"path":"/Users/junjiexu/Qsync/hack-reactor/products-api/server/db.js","statementMap":{"0":{"start":{"line":1,"column":0},"end":{"line":1,"column":27}},"1":{"start":{"line":2,"column":17},"end":{"line":2,"column":30}},"2":{"start":{"line":3,"column":17},"end":{"line":3,"column":36}},"3":{"start":{"line":4,"column":12},"end":{"line":4,"column":31}},"4":{"start":{"line":6,"column":13},"end":{"line":13,"column":2}},"5":{"start":{"line":15,"column":0},"end":{"line":15,"column":22}}},"fnMap":{},"branchMap":{},"s":{"0":1,"1":1,"2":1,"3":1,"4":1,"5":1},"f":{},"b":{},"_coverageSchema":"1a1c01bbd47fc00a2c39e90264f33305004495a9","hash":"516b9294d06ac2c9db38b40d58037c8aa4b053b5"}
,"/Users/junjiexu/Qsync/hack-reactor/products-api/server/jest.config.js": {"path":"/Users/junjiexu/Qsync/hack-reactor/products-api/server/jest.config.js","statementMap":{"0":{"start":{"line":4,"column":0},"end":{"line":185,"column":2}}},"fnMap":{},"branchMap":{},"s":{"0":0},"f":{},"b":{}}
}
